[2026-05-10T07:18:37.172Z] SyntaxError: Expected property name or '}' in JSON at position 1 (line 1 column 2)
    at JSON.parse (<anonymous>)
    at parse (E:\traveloop\backend\node_modules\body-parser\lib\types\json.js:72:19)
    at E:\traveloop\backend\node_modules\body-parser\lib\read.js:162:18
    at AsyncResource.runInAsyncScope (node:async_hooks:214:14)
    at invokeCallback (E:\traveloop\backend\node_modules\raw-body\index.js:238:16)
    at done (E:\traveloop\backend\node_modules\raw-body\index.js:227:7)
    at IncomingMessage.onEnd (E:\traveloop\backend\node_modules\raw-body\index.js:287:7)
    at IncomingMessage.emit (node:events:518:28)
    at endReadableNT (node:internal/streams/readable:1698:12)
    at process.processTicksAndRejections (node:internal/process/task_queues:90:21)
[2026-05-10T07:18:47.150Z] SyntaxError: Expected property name or '}' in JSON at position 1 (line 1 column 2)
    at JSON.parse (<anonymous>)
    at parse (E:\traveloop\backend\node_modules\body-parser\lib\types\json.js:72:19)
    at E:\traveloop\backend\node_modules\body-parser\lib\read.js:162:18
    at AsyncResource.runInAsyncScope (node:async_hooks:214:14)
    at invokeCallback (E:\traveloop\backend\node_modules\raw-body\index.js:238:16)
    at done (E:\traveloop\backend\node_modules\raw-body\index.js:227:7)
    at IncomingMessage.onEnd (E:\traveloop\backend\node_modules\raw-body\index.js:287:7)
    at IncomingMessage.emit (node:events:518:28)
    at endReadableNT (node:internal/streams/readable:1698:12)
    at process.processTicksAndRejections (node:internal/process/task_queues:90:21)
[2026-05-10T07:20:16.104Z] POST /api/auth/login
[2026-05-10T07:20:38.074Z] POST /api/auth/login
[2026-05-10T07:20:38.684Z] GET /api/trips/dashboard
[2026-05-10T07:20:38.754Z] GET /api/trips/dashboard
[2026-05-10T07:21:12.786Z] GET /api/trips/dashboard
[2026-05-10T07:21:12.798Z] GET /api/trips/dashboard
[2026-05-10T07:21:13.372Z] GET /api/trips/dashboard
[2026-05-10T07:21:13.383Z] GET /api/trips/dashboard
[2026-05-10T07:21:14.796Z] GET /api/trips/dashboard
[2026-05-10T07:21:14.806Z] GET /api/trips/dashboard
[2026-05-10T07:21:19.927Z] GET /api/trips/dashboard
[2026-05-10T07:21:19.941Z] GET /api/trips/dashboard
[2026-05-10T07:21:28.187Z] GET /api/trips/dashboard
[2026-05-10T07:21:28.199Z] GET /api/trips/dashboard
[2026-05-10T07:21:29.706Z] GET /api/trips/dashboard
[2026-05-10T07:21:29.716Z] GET /api/trips/dashboard
[2026-05-10T07:21:29.942Z] GET /api/trips/dashboard
[2026-05-10T07:21:29.952Z] GET /api/trips/dashboard
[2026-05-10T07:21:32.470Z] GET /api/trips/dashboard
[2026-05-10T07:21:32.480Z] GET /api/trips/dashboard
[2026-05-10T07:21:33.062Z] GET /api/trips/dashboard
[2026-05-10T07:21:33.071Z] GET /api/trips/dashboard
[2026-05-10T07:21:43.440Z] GET /api/trips/dashboard
[2026-05-10T07:21:43.452Z] GET /api/trips/dashboard
[2026-05-10T07:21:52.614Z] GET /api/trips/dashboard
[2026-05-10T07:21:52.623Z] GET /api/trips/dashboard
[2026-05-10T07:39:05.822Z] GET /api/trips/dashboard
[2026-05-10T07:39:52.615Z] GET /api/trips/dashboard
[2026-05-10T07:39:52.630Z] GET /api/trips/dashboard
[2026-05-10T07:40:44.680Z] POST /api/trips
[2026-05-10T07:40:44.737Z] GET /api/trips/dashboard
[2026-05-10T07:47:14.972Z] GET /api/trips/dashboard
[2026-05-10T07:47:15.018Z] GET /api/trips/dashboard
[2026-05-10T07:49:30.808Z] GET /api/trips/dashboard
[2026-05-10T07:58:46.013Z] GET /api/trips/dashboard
[2026-05-10T07:58:46.036Z] GET /api/trips/dashboard
[2026-05-10T07:58:59.201Z] GET /api/itinerary/trips/1
[2026-05-10T07:58:59.208Z] GET /api/itinerary/trips/1
[2026-05-10T07:59:12.558Z] GET /api/itinerary/cities?search=ramesh
[2026-05-10T07:59:13.638Z] GET /api/itinerary/cities?search=rameshwaram
[2026-05-10T07:59:51.512Z] GET /api/itinerary/cities?search=sad
[2026-05-10T07:59:52.784Z] GET /api/itinerary/cities?search=s
[2026-05-10T07:59:55.076Z] GET /api/itinerary/cities?search=r
[2026-05-10T07:59:56.989Z] GET /api/itinerary/cities?search=New%20York,%20USA
[2026-05-10T08:00:03.787Z] POST /api/itinerary/trips/1/stops
[2026-05-10T08:00:03.811Z] GET /api/itinerary/trips/1
[2026-05-10T08:00:10.480Z] GET /api/itinerary/activities?search=&type=
[2026-05-10T08:00:30.397Z] GET /api/trips/dashboard
[2026-05-10T08:00:30.406Z] GET /api/trips/dashboard
[2026-05-10T08:08:48.812Z] GET /api/trips/dashboard
[2026-05-10T08:08:48.842Z] GET /api/trips/dashboard
[2026-05-10T08:10:37.682Z] GET /api/trips/dashboard
[2026-05-10T08:10:37.695Z] GET /api/trips/dashboard
[2026-05-10T08:10:38.369Z] GET /api/itinerary/trips/1
[2026-05-10T08:10:38.374Z] GET /api/trips/1
[2026-05-10T08:10:38.378Z] GET /api/itinerary/trips/1
[2026-05-10T08:10:38.381Z] GET /api/trips/1
[2026-05-10T08:10:45.622Z] GET /api/itinerary/trips/1
[2026-05-10T08:10:45.626Z] GET /api/trips/1
[2026-05-10T08:10:45.632Z] GET /api/itinerary/trips/1
[2026-05-10T08:10:45.634Z] GET /api/trips/1
[2026-05-10T08:10:45.851Z] GET /api/itinerary/trips/1
[2026-05-10T08:10:45.854Z] GET /api/trips/1
[2026-05-10T08:10:45.858Z] GET /api/itinerary/trips/1
[2026-05-10T08:10:45.860Z] GET /api/trips/1
[2026-05-10T08:10:46.638Z] GET /api/itinerary/trips/1
[2026-05-10T08:10:46.641Z] GET /api/trips/1
[2026-05-10T08:10:46.646Z] GET /api/itinerary/trips/1
[2026-05-10T08:10:46.649Z] GET /api/trips/1
[2026-05-10T08:10:46.868Z] GET /api/itinerary/trips/1
[2026-05-10T08:10:46.870Z] GET /api/trips/1
[2026-05-10T08:10:46.875Z] GET /api/itinerary/trips/1
[2026-05-10T08:10:46.878Z] GET /api/trips/1
[2026-05-10T08:10:47.138Z] GET /api/itinerary/trips/1
[2026-05-10T08:10:47.141Z] GET /api/trips/1
[2026-05-10T08:10:47.145Z] GET /api/itinerary/trips/1
[2026-05-10T08:10:47.148Z] GET /api/trips/1
[2026-05-10T08:46:44.773Z] GET /api/trips/dashboard
[2026-05-10T08:46:44.834Z] GET /api/trips/dashboard
[2026-05-10T08:46:48.175Z] GET /api/itinerary/trips/1
[2026-05-10T08:46:48.180Z] GET /api/trips/1
[2026-05-10T08:46:48.185Z] GET /api/itinerary/trips/1
[2026-05-10T08:46:48.191Z] GET /api/trips/1
[2026-05-10T08:50:45.104Z] GET /api/trips/dashboard
[2026-05-10T08:50:45.115Z] GET /api/trips/dashboard
[2026-05-10T08:50:46.690Z] GET /api/itinerary/trips/1
[2026-05-10T08:50:46.692Z] GET /api/trips/1
[2026-05-10T08:50:46.697Z] GET /api/itinerary/trips/1
[2026-05-10T08:50:46.700Z] GET /api/trips/1
[2026-05-10T08:50:48.995Z] GET /api/itinerary/trips/1
[2026-05-10T08:50:48.998Z] GET /api/trips/1
[2026-05-10T08:50:49.002Z] GET /api/itinerary/trips/1
[2026-05-10T08:50:49.005Z] GET /api/trips/1
[2026-05-10T08:50:49.648Z] GET /api/itinerary/trips/1
[2026-05-10T08:50:49.651Z] GET /api/trips/1
[2026-05-10T08:50:49.656Z] GET /api/itinerary/trips/1
[2026-05-10T08:50:49.660Z] GET /api/trips/1
[2026-05-10T08:50:50.311Z] GET /api/itinerary/trips/1
[2026-05-10T08:50:50.314Z] GET /api/trips/1
[2026-05-10T08:50:50.320Z] GET /api/itinerary/trips/1
[2026-05-10T08:50:50.324Z] GET /api/trips/1
[2026-05-10T08:50:54.325Z] GET /api/itinerary/activities?search=&type=
[2026-05-10T08:50:54.333Z] GET /api/itinerary/activities?search=&type=
[2026-05-10T08:50:54.621Z] GET /api/itinerary/activities?search=&type=
[2026-05-10T08:51:00.324Z] GET /api/itinerary/activities?search=s&type=
[2026-05-10T08:51:01.904Z] GET /api/itinerary/activities?search=si&type=
[2026-05-10T08:51:02.994Z] GET /api/itinerary/activities?search=sight&type=
[2026-05-10T08:51:04.598Z] GET /api/itinerary/activities?search=sightsee&type=
[2026-05-10T08:51:05.398Z] GET /api/itinerary/activities?search=sightseein&type=
[2026-05-10T08:51:05.824Z] GET /api/itinerary/activities?search=sightseei&type=
[2026-05-10T08:51:06.598Z] GET /api/itinerary/activities?search=&type=
[2026-05-10T08:53:16.785Z] POST /api/auth/login
[2026-05-10T08:53:17.442Z] GET /api/trips/dashboard
[2026-05-10T08:53:17.464Z] GET /api/trips/dashboard
[2026-05-10T08:53:18.651Z] GET /api/itinerary/trips/1
[2026-05-10T08:53:18.655Z] GET /api/trips/1
[2026-05-10T08:53:18.665Z] GET /api/trips/1
[2026-05-10T08:53:18.698Z] GET /api/itinerary/trips/1
[2026-05-10T08:55:02.705Z] GET /api/itinerary/trips/1
[2026-05-10T08:55:02.722Z] GET /api/trips/1
[2026-05-10T08:55:02.765Z] GET /api/trips/1
[2026-05-10T08:55:02.769Z] GET /api/itinerary/trips/1
[2026-05-10T08:56:35.633Z] GET /api/itinerary/trips/1
[2026-05-10T08:56:35.642Z] GET /api/trips/1
[2026-05-10T08:56:35.649Z] GET /api/itinerary/trips/1
[2026-05-10T08:56:35.653Z] GET /api/trips/1
[2026-05-10T08:57:14.262Z] GET /api/itinerary/trips/1
[2026-05-10T08:57:14.273Z] GET /api/trips/1
[2026-05-10T08:57:14.289Z] GET /api/itinerary/trips/1
[2026-05-10T08:57:14.295Z] GET /api/trips/1
[2026-05-10T09:04:08.913Z] GET /api/itinerary/trips/1
[2026-05-10T09:04:08.916Z] GET /api/trips/1
[2026-05-10T09:04:08.929Z] GET /api/trips/1
[2026-05-10T09:04:08.932Z] GET /api/itinerary/trips/1
[2026-05-10T09:04:21.228Z] POST /api/auth/login
[2026-05-10T09:04:21.887Z] GET /api/trips/dashboard
[2026-05-10T09:04:21.910Z] GET /api/trips/dashboard
[2026-05-10T09:04:26.695Z] GET /api/trips/dashboard
[2026-05-10T09:04:26.711Z] GET /api/trips/dashboard
[2026-05-10T09:04:41.055Z] GET /api/itinerary/cities?search=Paris
[2026-05-10T09:04:54.568Z] GET /api/itinerary/cities?search=Paris,%20FRA
[2026-05-10T09:04:56.221Z] POST /api/itinerary/trips/1/stops
[2026-05-10T09:04:56.298Z] GET /api/itinerary/trips/1
[2026-05-10T09:05:37.231Z] GET /api/trips/dashboard
[2026-05-10T09:05:37.245Z] GET /api/trips/dashboard
[2026-05-10T09:05:40.316Z] GET /api/itinerary/trips/1
[2026-05-10T09:05:40.318Z] GET /api/trips/1
[2026-05-10T09:05:40.324Z] GET /api/itinerary/trips/1
[2026-05-10T09:05:40.328Z] GET /api/trips/1
[2026-05-10T09:05:46.755Z] PUT /api/itinerary/stops/2
[2026-05-10T09:05:46.780Z] GET /api/itinerary/trips/1
[2026-05-10T09:05:56.062Z] GET /api/itinerary/cities?search=tokyo
[2026-05-10T09:05:58.301Z] GET /api/itinerary/cities?search=Tokyo,%20JPN
[2026-05-10T09:06:03.384Z] GET /api/trips/dashboard
[2026-05-10T09:06:03.395Z] GET /api/trips/dashboard
[2026-05-10T09:06:05.742Z] GET /api/itinerary/trips/1
[2026-05-10T09:06:05.746Z] GET /api/trips/1
[2026-05-10T09:06:05.751Z] GET /api/itinerary/trips/1
[2026-05-10T09:06:05.753Z] GET /api/trips/1
[2026-05-10T09:06:09.709Z] GET /api/itinerary/activities?search=&type=
[2026-05-10T09:06:09.718Z] GET /api/itinerary/activities?search=&type=
[2026-05-10T09:06:10.003Z] GET /api/itinerary/activities?search=&type=
[2026-05-10T09:06:13.150Z] POST /api/itinerary/stops/2/activities
[2026-05-10T09:06:13.173Z] GET /api/itinerary/trips/1
[2026-05-10T09:06:14.738Z] GET /api/itinerary/activities?search=&type=
[2026-05-10T09:06:14.746Z] GET /api/itinerary/activities?search=&type=
[2026-05-10T09:06:15.037Z] GET /api/itinerary/activities?search=&type=
[2026-05-10T09:06:17.088Z] POST /api/itinerary/stops/2/activities
[2026-05-10T09:06:17.105Z] GET /api/itinerary/trips/1
[2026-05-10T09:06:18.449Z] GET /api/itinerary/activities?search=&type=
[2026-05-10T09:06:18.456Z] GET /api/itinerary/activities?search=&type=
[2026-05-10T09:06:18.746Z] GET /api/itinerary/activities?search=&type=
[2026-05-10T09:06:23.201Z] POST /api/itinerary/stops/2/activities
[2026-05-10T09:06:23.219Z] GET /api/itinerary/trips/1
[2026-05-10T09:09:44.776Z] GET /api/trips/dashboard
[2026-05-10T09:09:44.818Z] GET /api/trips/dashboard
[2026-05-10T09:15:03.614Z] HEAD /api/health
[2026-05-10T09:15:03.622Z] GET /api/health
[2026-05-10T09:19:32.374Z] GET /api/trips/dashboard
[2026-05-10T09:19:32.491Z] GET /api/trips/dashboard
[2026-05-10T09:20:24.775Z] GET /api/trips/dashboard
[2026-05-10T09:20:24.826Z] GET /api/trips/dashboard
[2026-05-10T09:20:45.142Z] GET /api/trips/dashboard
[2026-05-10T09:20:45.164Z] GET /api/trips/dashboard
[2026-05-10T09:21:28.249Z] GET /api/health
[2026-05-10T09:23:08.532Z] GET /api/trips/dashboard
[2026-05-10T09:23:08.550Z] GET /api/trips/dashboard
[2026-05-10T09:23:13.269Z] GET /api/itinerary/trips/1
[2026-05-10T09:23:13.274Z] GET /api/trips/1
[2026-05-10T09:23:13.285Z] GET /api/itinerary/trips/1
[2026-05-10T09:23:13.292Z] GET /api/trips/1
[2026-05-10T09:23:16.434Z] GET /api/trips/dashboard
[2026-05-10T09:23:16.451Z] GET /api/trips/dashboard
[2026-05-10T09:23:22.013Z] GET /api/trips/dashboard
[2026-05-10T09:23:22.030Z] GET /api/trips/dashboard
[2026-05-10T09:25:39.765Z] GET /api/trips/dashboard
[2026-05-10T09:25:39.785Z] GET /api/trips/dashboard
[2026-05-10T09:25:40.620Z] GET /api/trips/dashboard
[2026-05-10T09:25:40.638Z] GET /api/trips/dashboard
[2026-05-10T09:25:41.321Z] GET /api/trips/dashboard
[2026-05-10T09:25:41.336Z] GET /api/trips/dashboard
[2026-05-10T09:25:41.519Z] GET /api/trips/dashboard
[2026-05-10T09:25:41.575Z] GET /api/trips/dashboard
[2026-05-10T09:25:54.422Z] POST /api/auth/login
[2026-05-10T09:25:54.989Z] GET /api/trips/dashboard
[2026-05-10T09:25:55.001Z] GET /api/trips/dashboard
[2026-05-10T09:25:57.743Z] GET /api/itinerary/trips/1
[2026-05-10T09:25:57.747Z] GET /api/trips/1
[2026-05-10T09:25:57.753Z] GET /api/itinerary/trips/1
[2026-05-10T09:25:57.757Z] GET /api/trips/1
[2026-05-10T09:26:29.487Z] GET /api/itinerary/cities?search=dubai
[2026-05-10T09:26:31.610Z] GET /api/itinerary/cities?search=Dubai,%20ARE
[2026-05-10T09:26:40.748Z] POST /api/itinerary/trips/1/stops
[2026-05-10T09:26:40.778Z] GET /api/itinerary/trips/1
[2026-05-10T09:26:45.661Z] GET /api/itinerary/activities?search=&type=
[2026-05-10T09:26:45.679Z] GET /api/itinerary/activities?search=&type=
[2026-05-10T09:26:45.959Z] GET /api/itinerary/activities?search=&type=
[2026-05-10T09:26:50.555Z] GET /api/itinerary/activities?search=dubai&type=
[2026-05-10T09:26:54.388Z] POST /api/itinerary/stops/3/activities
[2026-05-10T09:26:54.445Z] GET /api/itinerary/trips/1
[2026-05-10T09:41:05.389Z] POST /api/auth/login
[2026-05-10T09:41:45.746Z] GET /api/health
[2026-05-10T10:31:51.842Z] GET /api/trips/dashboard
[2026-05-10T10:31:51.870Z] GET /api/trips/dashboard
[2026-05-10T10:32:02.821Z] GET /api/trips/dashboard
[2026-05-10T10:32:02.839Z] GET /api/trips/dashboard
[2026-05-10T10:36:24.817Z] GET /api/trips/dashboard
[2026-05-10T10:36:24.837Z] GET /api/trips/dashboard
[2026-05-10T10:37:20.822Z] GET /api/trips/dashboard
[2026-05-10T10:37:20.843Z] GET /api/trips/dashboard
[2026-05-10T10:38:28.992Z] GET /api/trips/dashboard
[2026-05-10T10:38:28.998Z] GET /api/trips/dashboard
[2026-05-10T10:39:24.532Z] POST /api/auth/login
[2026-05-10T10:39:24.871Z] GET /api/trips/dashboard
[2026-05-10T10:39:24.877Z] GET /api/trips/dashboard
[2026-05-10T10:39:28.318Z] GET /api/trips/dashboard
[2026-05-10T10:39:28.323Z] GET /api/trips/dashboard
[2026-05-10T10:39:30.614Z] GET /api/trips/dashboard
[2026-05-10T10:39:30.619Z] GET /api/trips/dashboard
[2026-05-10T10:42:48.813Z] GET /api/auth/me
[2026-05-10T10:42:48.818Z] GET /api/auth/me
[2026-05-10T10:44:45.559Z] POST /api/auth/login
[2026-05-10T10:47:45.465Z] POST /api/auth/login
[2026-05-10T10:47:45.920Z] GET /api/trips/dashboard
[2026-05-10T10:47:45.927Z] GET /api/trips/dashboard
[2026-05-10T10:47:53.059Z] GET /api/admin/stats
[2026-05-10T10:47:53.074Z] GET /api/admin/stats
[2026-05-10T10:47:55.522Z] GET /api/trips/dashboard
[2026-05-10T10:47:55.529Z] GET /api/trips/dashboard
[2026-05-10T10:47:57.069Z] GET /api/trips/dashboard
[2026-05-10T10:47:57.073Z] GET /api/trips/dashboard
[2026-05-10T10:47:57.080Z] GET /api/trips/1/notes
[2026-05-10T10:47:57.094Z] GET /api/trips/1/notes
[2026-05-10T10:48:01.109Z] POST /api/trips/1/notes
[2026-05-10T10:48:19.268Z] PUT /api/notes/1
[2026-05-10T10:48:22.582Z] GET /api/users/profile
[2026-05-10T10:48:22.587Z] GET /api/users/profile
[2026-05-10T10:48:32.901Z] PUT /api/users/profile
[2026-05-10T10:52:33.972Z] GET /api/auth/me
[2026-05-10T10:52:33.993Z] GET /api/auth/me
[2026-05-10T10:52:35.067Z] GET /api/auth/me
[2026-05-10T10:52:35.072Z] GET /api/auth/me
[2026-05-10T10:52:35.949Z] GET /api/trips/dashboard
[2026-05-10T10:52:35.959Z] GET /api/trips/dashboard
[2026-05-10T10:52:38.764Z] GET /api/itinerary/trips/1
[2026-05-10T10:52:38.768Z] GET /api/trips/1
[2026-05-10T10:52:38.779Z] GET /api/trips/1
[2026-05-10T10:52:38.782Z] GET /api/itinerary/trips/1
[2026-05-10T10:52:46.859Z] GET /api/trips/dashboard
[2026-05-10T10:52:46.864Z] GET /api/trips/dashboard
[2026-05-10T10:52:46.869Z] GET /api/trips/1/notes
[2026-05-10T10:52:46.874Z] GET /api/trips/1/notes
[2026-05-10T10:53:01.004Z] GET /api/auth/me
[2026-05-10T10:53:01.009Z] GET /api/auth/me
[2026-05-10T10:53:01.075Z] GET /api/trips/dashboard
[2026-05-10T10:53:01.079Z] GET /api/trips/dashboard
[2026-05-10T10:53:07.071Z] GET /api/admin/stats
[2026-05-10T10:53:07.087Z] GET /api/admin/stats
[2026-05-10T10:53:09.616Z] GET /api/trips/dashboard
[2026-05-10T10:53:09.622Z] GET /api/trips/dashboard
[2026-05-10T10:53:09.626Z] GET /api/trips/1/notes
[2026-05-10T10:53:09.632Z] GET /api/trips/1/notes
[2026-05-10T10:53:15.162Z] GET /api/trips/dashboard
[2026-05-10T10:53:15.166Z] GET /api/trips/dashboard
[2026-05-10T10:53:15.171Z] GET /api/trips/1/packing
[2026-05-10T10:53:15.183Z] GET /api/trips/1/packing
[2026-05-10T10:53:27.812Z] GET /api/trips/dashboard
[2026-05-10T10:53:27.818Z] GET /api/trips/dashboard
[2026-05-10T10:53:29.779Z] GET /api/itinerary/trips/1
[2026-05-10T10:53:29.781Z] GET /api/trips/1
[2026-05-10T10:53:29.785Z] GET /api/trips/1
[2026-05-10T10:53:29.790Z] GET /api/itinerary/trips/1
[2026-05-10T10:56:53.815Z] GET /api/trips/1
[2026-05-10T10:57:00.821Z] GET /api/trips/1
[2026-05-10T10:57:17.551Z] GET /api/trips/dashboard
[2026-05-10T10:57:17.556Z] GET /api/trips/dashboard
[2026-05-10T10:57:22.331Z] GET /api/trips
[2026-05-10T10:57:22.335Z] GET /api/trips
[2026-05-10T10:57:24.578Z] GET /api/admin/stats
[2026-05-10T10:57:24.590Z] GET /api/admin/stats
[2026-05-10T10:57:28.071Z] GET /api/trips
[2026-05-10T10:57:28.073Z] GET /api/trips
[2026-05-10T10:57:29.187Z] GET /api/trips/dashboard
[2026-05-10T10:57:29.195Z] GET /api/trips/dashboard
[2026-05-10T10:57:29.200Z] GET /api/trips/1/notes
[2026-05-10T10:57:29.207Z] GET /api/trips/1/notes
[2026-05-10T10:57:32.767Z] GET /api/trips
[2026-05-10T10:57:32.769Z] GET /api/trips
[2026-05-10T10:57:33.868Z] GET /api/trips/dashboard
[2026-05-10T10:57:33.873Z] GET /api/trips/dashboard
[2026-05-10T10:57:33.878Z] GET /api/trips/1/packing
[2026-05-10T10:57:33.889Z] GET /api/trips/1/packing
[2026-05-10T10:57:45.070Z] GET /api/users/profile
[2026-05-10T10:57:45.081Z] GET /api/users/profile
[2026-05-10T10:59:43.897Z] GET /api/trips/dashboard
[2026-05-10T10:59:43.906Z] GET /api/trips/dashboard
[2026-05-10T10:59:45.282Z] GET /api/trips
[2026-05-10T10:59:45.285Z] GET /api/trips
[2026-05-10T10:59:47.012Z] GET /api/trips/dashboard
[2026-05-10T10:59:47.017Z] GET /api/trips/dashboard
[2026-05-10T10:59:47.020Z] GET /api/trips/1/notes
[2026-05-10T10:59:47.028Z] GET /api/trips/1/notes
[2026-05-10T10:59:48.535Z] GET /api/admin/stats
[2026-05-10T10:59:48.550Z] GET /api/admin/stats
[2026-05-10T10:59:50.415Z] GET /api/trips/dashboard
[2026-05-10T10:59:50.422Z] GET /api/trips/dashboard
[2026-05-10T10:59:50.430Z] GET /api/trips/1/notes
[2026-05-10T10:59:50.434Z] GET /api/trips/1/notes
[2026-05-10T10:59:51.085Z] GET /api/auth/me
[2026-05-10T10:59:51.090Z] GET /api/auth/me
[2026-05-10T10:59:51.113Z] GET /api/trips/dashboard
[2026-05-10T10:59:51.118Z] GET /api/trips/dashboard
[2026-05-10T10:59:51.121Z] GET /api/trips/1/notes
[2026-05-10T10:59:51.127Z] GET /api/trips/1/notes
[2026-05-10T10:59:51.218Z] GET /api/auth/me
[2026-05-10T10:59:51.223Z] GET /api/auth/me
[2026-05-10T10:59:51.238Z] GET /api/trips/dashboard
[2026-05-10T10:59:51.244Z] GET /api/trips/dashboard
[2026-05-10T10:59:51.246Z] GET /api/trips/1/notes
[2026-05-10T10:59:51.253Z] GET /api/trips/1/notes
[2026-05-10T10:59:51.407Z] GET /api/auth/me
[2026-05-10T10:59:51.410Z] GET /api/auth/me
[2026-05-10T10:59:51.416Z] GET /api/trips/dashboard
[2026-05-10T10:59:51.421Z] GET /api/trips/dashboard
[2026-05-10T10:59:51.428Z] GET /api/trips/1/notes
[2026-05-10T10:59:51.432Z] GET /api/trips/1/notes
[2026-05-10T10:59:52.147Z] GET /api/auth/me
[2026-05-10T10:59:52.150Z] GET /api/auth/me
[2026-05-10T10:59:52.158Z] GET /api/trips/dashboard
[2026-05-10T10:59:52.162Z] GET /api/trips/dashboard
[2026-05-10T10:59:52.165Z] GET /api/trips/1/notes
[2026-05-10T10:59:52.175Z] GET /api/trips/1/notes
[2026-05-10T10:59:53.297Z] GET /api/users/profile
[2026-05-10T10:59:53.301Z] GET /api/users/profile
[2026-05-10T10:59:54.433Z] GET /api/trips
[2026-05-10T10:59:54.436Z] GET /api/trips
[2026-05-10T10:59:55.048Z] GET /api/trips/dashboard
[2026-05-10T10:59:55.054Z] GET /api/trips/dashboard
[2026-05-10T10:59:57.312Z] GET /api/trips/dashboard
[2026-05-10T10:59:57.317Z] GET /api/trips/dashboard
[2026-05-10T10:59:57.322Z] GET /api/trips/1/notes
[2026-05-10T10:59:57.326Z] GET /api/trips/1/notes
[2026-05-10T11:00:55.802Z] GET /api/auth/me
[2026-05-10T11:00:55.806Z] GET /api/auth/me
[2026-05-10T11:01:11.594Z] GET /api/auth/me
[2026-05-10T11:01:11.598Z] GET /api/auth/me
[2026-05-10T11:01:13.822Z] GET /api/auth/me
[2026-05-10T11:01:13.826Z] GET /api/auth/me
[2026-05-10T11:01:13.847Z] GET /api/trips
[2026-05-10T11:01:13.850Z] GET /api/trips
[2026-05-10T11:01:14.036Z] GET /api/auth/me
[2026-05-10T11:01:14.040Z] GET /api/auth/me
[2026-05-10T11:01:14.048Z] GET /api/trips
[2026-05-10T11:01:14.051Z] GET /api/trips
[2026-05-10T11:01:14.210Z] GET /api/auth/me
[2026-05-10T11:01:14.214Z] GET /api/auth/me
[2026-05-10T11:01:14.221Z] GET /api/trips
[2026-05-10T11:01:14.223Z] GET /api/trips
[2026-05-10T11:01:17.754Z] GET /api/auth/me
[2026-05-10T11:01:17.758Z] GET /api/auth/me
[2026-05-10T11:01:29.724Z] GET /api/auth/me
[2026-05-10T11:01:29.729Z] GET /api/auth/me
[2026-05-10T11:01:29.802Z] GET /api/trips/dashboard
[2026-05-10T11:01:29.807Z] GET /api/trips/dashboard
[2026-05-10T11:01:31.695Z] GET /api/trips
[2026-05-10T11:01:31.697Z] GET /api/trips
[2026-05-10T11:01:53.815Z] GET /api/auth/me
[2026-05-10T11:01:53.818Z] GET /api/auth/me
[2026-05-10T11:01:53.822Z] GET /api/auth/me
[2026-05-10T11:01:53.825Z] GET /api/auth/me
[2026-05-10T11:01:53.831Z] GET /api/trips/dashboard
[2026-05-10T11:01:53.836Z] GET /api/trips/dashboard
[2026-05-10T11:01:53.840Z] GET /api/trips
[2026-05-10T11:01:53.841Z] GET /api/trips/1/notes
[2026-05-10T11:01:53.843Z] GET /api/trips
[2026-05-10T11:01:53.846Z] GET /api/trips/1/notes
[2026-05-10T11:02:20.221Z] GET /api/trips/dashboard
[2026-05-10T11:02:20.225Z] GET /api/trips/dashboard
[2026-05-10T11:02:20.229Z] GET /api/trips/1/packing
[2026-05-10T11:02:20.240Z] GET /api/trips/1/packing
[2026-05-10T11:02:21.160Z] GET /api/users/profile
[2026-05-10T11:02:21.163Z] GET /api/users/profile
[2026-05-10T11:02:22.420Z] GET /api/trips/dashboard
[2026-05-10T11:02:22.424Z] GET /api/trips/dashboard
[2026-05-10T11:02:23.539Z] GET /api/itinerary/trips/1
[2026-05-10T11:02:23.540Z] GET /api/trips/1
[2026-05-10T11:02:23.550Z] GET /api/itinerary/trips/1
[2026-05-10T11:02:23.552Z] GET /api/trips/1
[2026-05-10T11:02:31.538Z] GET /api/trips/dashboard
[2026-05-10T11:02:31.543Z] GET /api/trips/dashboard
[2026-05-10T11:02:31.554Z] GET /api/trips/1/notes
[2026-05-10T11:02:31.559Z] GET /api/trips/1/notes
[2026-05-10T11:02:36.172Z] GET /api/trips/dashboard
[2026-05-10T11:02:36.177Z] GET /api/trips/dashboard
[2026-05-10T11:02:36.181Z] GET /api/trips/1/packing
[2026-05-10T11:02:36.189Z] GET /api/trips/1/packing
[2026-05-10T11:02:54.085Z] POST /api/trips/1/packing
[2026-05-10T11:03:03.869Z] POST /api/trips/1/packing
[2026-05-10T11:03:18.825Z] POST /api/trips/1/packing
[2026-05-10T11:03:32.158Z] PUT /api/packing/2
[2026-05-10T11:03:38.133Z] GET /api/trips
[2026-05-10T11:03:38.135Z] GET /api/trips
[2026-05-10T11:03:43.990Z] GET /api/trips/dashboard
[2026-05-10T11:03:43.995Z] GET /api/trips/dashboard
[2026-05-10T11:04:46.814Z] GET /api/trips
[2026-05-10T11:05:24.555Z] GET /api/trips
[2026-05-10T11:05:24.563Z] GET /api/trips
[2026-05-10T11:05:29.930Z] GET /api/trips/dashboard
[2026-05-10T11:05:29.936Z] GET /api/trips/dashboard
[2026-05-10T11:05:34.020Z] GET /api/trips
[2026-05-10T11:05:34.026Z] GET /api/trips
[2026-05-10T11:05:36.070Z] GET /api/trips/dashboard
[2026-05-10T11:05:36.075Z] GET /api/trips/dashboard
[2026-05-10T11:05:38.756Z] GET /api/trips
[2026-05-10T11:05:38.762Z] GET /api/trips
[2026-05-10T11:05:40.036Z] GET /api/trips/dashboard
[2026-05-10T11:05:40.042Z] GET /api/trips/dashboard
[2026-05-10T11:05:40.873Z] GET /api/trips
[2026-05-10T11:05:40.878Z] GET /api/trips
[2026-05-10T11:05:40.882Z] GET /api/trips/1/packing
[2026-05-10T11:05:40.889Z] GET /api/trips/1/packing
[2026-05-10T11:05:41.911Z] GET /api/trips/dashboard
[2026-05-10T11:05:41.916Z] GET /api/trips/dashboard
[2026-05-10T11:06:40.816Z] GET /api/trips
[2026-05-10T11:06:40.821Z] GET /api/trips
[2026-05-10T11:06:47.816Z] GET /api/trips
[2026-05-10T11:07:33.319Z] GET /api/trips
[2026-05-10T11:07:33.327Z] GET /api/trips
[2026-05-10T11:09:18.185Z] POST /api/trips
[2026-05-10T11:09:18.219Z] GET /api/trips
[2026-05-10T11:09:25.868Z] GET /api/users/profile
[2026-05-10T11:09:25.911Z] GET /api/users/profile
[2026-05-10T11:09:36.614Z] GET /api/trips/dashboard
[2026-05-10T11:09:36.619Z] GET /api/trips/dashboard
[2026-05-10T11:09:39.684Z] GET /api/itinerary/trips/2
[2026-05-10T11:09:39.686Z] GET /api/trips/2
[2026-05-10T11:09:39.689Z] GET /api/itinerary/trips/2
[2026-05-10T11:09:39.693Z] GET /api/trips/2
[2026-05-10T11:09:41.745Z] GET /api/itinerary/cities?search=&country=Sri%20Lanka
[2026-05-10T11:09:41.750Z] GET /api/itinerary/cities?search=&country=Sri%20Lanka
[2026-05-10T11:09:43.531Z] GET /api/itinerary/cities?search=Ella,%20LKA&country=Sri%20Lanka
[2026-05-10T11:09:48.104Z] POST /api/itinerary/trips/2/stops
[2026-05-10T11:09:48.129Z] GET /api/itinerary/trips/2
[2026-05-10T11:09:50.577Z] GET /api/itinerary/activities?search=&type=&cityId=60
[2026-05-10T11:09:50.581Z] GET /api/itinerary/activities?search=&type=&cityId=60
[2026-05-10T11:09:50.883Z] GET /api/itinerary/activities?search=&type=&cityId=60
[2026-05-10T11:09:52.144Z] POST /api/itinerary/stops/7/activities
[2026-05-10T11:09:52.163Z] GET /api/itinerary/trips/2
[2026-05-10T11:09:53.213Z] GET /api/itinerary/activities?search=&type=&cityId=60
[2026-05-10T11:09:53.218Z] GET /api/itinerary/activities?search=&type=&cityId=60
[2026-05-10T11:09:53.514Z] GET /api/itinerary/activities?search=&type=&cityId=60
[2026-05-10T11:09:54.206Z] POST /api/itinerary/stops/7/activities
[2026-05-10T11:09:54.221Z] GET /api/itinerary/trips/2
[2026-05-10T11:09:59.808Z] GET /api/trips
[2026-05-10T11:09:59.814Z] GET /api/trips
[2026-05-10T11:09:59.818Z] GET /api/trips/2/notes
[2026-05-10T11:09:59.826Z] GET /api/trips/2/notes
[2026-05-10T11:10:02.809Z] GET /api/trips/1/notes
[2026-05-10T11:10:04.565Z] GET /api/trips
[2026-05-10T11:10:04.570Z] GET /api/trips
[2026-05-10T11:10:04.574Z] GET /api/trips/2/packing
[2026-05-10T11:10:04.581Z] GET /api/trips/2/packing
[2026-05-10T11:10:08.007Z] GET /api/users/profile
[2026-05-10T11:10:08.011Z] GET /api/users/profile
[2026-05-10T11:10:10.095Z] GET /api/trips/dashboard
[2026-05-10T11:10:10.100Z] GET /api/trips/dashboard
[2026-05-10T11:12:33.807Z] GET /api/trips/dashboard
[2026-05-10T11:13:39.809Z] GET /api/trips/dashboard
[2026-05-10T11:15:38.810Z] GET /api/trips/dashboard
[2026-05-10T11:16:07.336Z] GET /api/auth/me
[2026-05-10T11:16:07.342Z] GET /api/auth/me
[2026-05-10T11:16:07.367Z] GET /api/trips/dashboard
[2026-05-10T11:16:07.373Z] GET /api/trips/dashboard
[2026-05-10T11:16:08.050Z] GET /api/auth/me
[2026-05-10T11:16:08.054Z] GET /api/auth/me
[2026-05-10T11:16:08.070Z] GET /api/trips/dashboard
[2026-05-10T11:16:08.076Z] GET /api/trips/dashboard
[2026-05-10T11:16:08.246Z] GET /api/auth/me
[2026-05-10T11:16:08.250Z] GET /api/auth/me
[2026-05-10T11:16:08.257Z] GET /api/trips/dashboard
[2026-05-10T11:16:08.262Z] GET /api/trips/dashboard
[2026-05-10T11:16:16.418Z] GET /api/trips
[2026-05-10T11:16:16.425Z] GET /api/trips
[2026-05-10T11:16:21.985Z] GET /api/trips/dashboard
[2026-05-10T11:16:21.989Z] GET /api/trips/dashboard
[2026-05-10T11:16:23.124Z] GET /api/users/profile
[2026-05-10T11:16:23.129Z] GET /api/users/profile
[2026-05-10T11:16:24.391Z] GET /api/trips/dashboard
[2026-05-10T11:16:24.397Z] GET /api/trips/dashboard
[2026-05-10T11:16:39.462Z] GET /api/itinerary/trips/2
[2026-05-10T11:16:39.464Z] GET /api/trips/2
[2026-05-10T11:16:39.468Z] GET /api/itinerary/trips/2
[2026-05-10T11:16:39.473Z] GET /api/trips/2
[2026-05-10T11:16:41.599Z] GET /api/itinerary/cities?search=&country=Sri%20Lanka
[2026-05-10T11:16:41.603Z] GET /api/itinerary/cities?search=&country=Sri%20Lanka
[2026-05-10T11:16:43.765Z] GET /api/itinerary/cities?search=Galle,%20LKA&country=Sri%20Lanka
[2026-05-10T11:16:50.385Z] POST /api/itinerary/trips/2/stops
[2026-05-10T11:16:50.661Z] GET /api/itinerary/trips/2
[2026-05-10T11:16:56.747Z] GET /api/itinerary/activities?search=&type=&cityId=59
[2026-05-10T11:16:56.751Z] GET /api/itinerary/activities?search=&type=&cityId=59
[2026-05-10T11:16:57.057Z] GET /api/itinerary/activities?search=&type=&cityId=59
[2026-05-10T11:16:58.630Z] POST /api/itinerary/stops/8/activities
[2026-05-10T11:16:58.653Z] GET /api/itinerary/trips/2
[2026-05-10T11:17:05.232Z] GET /api/trips
[2026-05-10T11:17:05.238Z] GET /api/trips
[2026-05-10T11:17:05.243Z] GET /api/trips/2/notes
[2026-05-10T11:17:05.248Z] GET /api/trips/2/notes
[2026-05-10T11:17:06.828Z] POST /api/trips/2/notes
[2026-05-10T11:17:29.633Z] PUT /api/notes/2
[2026-05-10T11:17:33.933Z] GET /api/trips
[2026-05-10T11:17:33.941Z] GET /api/trips
[2026-05-10T11:17:33.944Z] GET /api/trips/2/packing
[2026-05-10T11:17:33.949Z] GET /api/trips/2/packing
[2026-05-10T11:17:47.688Z] POST /api/trips/2/packing
[2026-05-10T11:18:08.095Z] POST /api/trips/2/packing
[2026-05-10T11:18:16.472Z] POST /api/trips/2/packing
[2026-05-10T11:18:18.448Z] PUT /api/packing/6
[2026-05-10T11:18:19.399Z] PUT /api/packing/5
[2026-05-10T11:18:24.081Z] GET /api/users/profile
[2026-05-10T11:18:24.085Z] GET /api/users/profile
[2026-05-10T11:18:25.485Z] GET /api/trips/dashboard
[2026-05-10T11:18:25.490Z] GET /api/trips/dashboard
[2026-05-10T11:18:49.460Z] GET /api/auth/me
[2026-05-10T11:18:49.464Z] GET /api/auth/me
[2026-05-10T11:18:49.522Z] GET /api/trips/dashboard
[2026-05-10T11:18:49.529Z] GET /api/trips/dashboard
[2026-05-10T11:18:50.280Z] GET /api/auth/me
[2026-05-10T11:18:50.284Z] GET /api/auth/me
[2026-05-10T11:18:50.305Z] GET /api/trips/dashboard
[2026-05-10T11:18:50.310Z] GET /api/trips/dashboard
[2026-05-10T11:18:55.673Z] GET /api/auth/me
[2026-05-10T11:18:55.676Z] GET /api/auth/me
[2026-05-10T11:18:55.759Z] GET /api/trips/dashboard
[2026-05-10T11:18:55.764Z] GET /api/trips/dashboard
[2026-05-10T11:19:11.871Z] GET /api/auth/me
[2026-05-10T11:19:11.875Z] GET /api/auth/me
[2026-05-10T11:19:11.945Z] GET /api/trips/dashboard
[2026-05-10T11:19:11.951Z] GET /api/trips/dashboard
[2026-05-10T11:20:41.471Z] GET /api/auth/me
[2026-05-10T11:20:41.479Z] GET /api/auth/me
[2026-05-10T11:20:45.607Z] POST /api/auth/login
[2026-05-10T11:20:45.944Z] GET /api/trips/dashboard
[2026-05-10T11:20:45.949Z] GET /api/trips/dashboard
[2026-05-10T11:20:58.635Z] GET /api/trips
[2026-05-10T11:20:58.647Z] GET /api/trips
[2026-05-10T11:21:08.035Z] GET /api/trips
[2026-05-10T11:21:08.042Z] GET /api/trips
[2026-05-10T11:21:08.046Z] GET /api/trips/2/notes
[2026-05-10T11:21:08.053Z] GET /api/trips/2/notes
[2026-05-10T11:21:12.495Z] GET /api/trips
[2026-05-10T11:21:12.502Z] GET /api/trips
[2026-05-10T11:21:12.505Z] GET /api/trips/2/packing
[2026-05-10T11:21:12.517Z] GET /api/trips/2/packing
[2026-05-10T11:21:13.717Z] GET /api/users/profile
[2026-05-10T11:21:13.721Z] GET /api/users/profile
